<?xml version="1.0" encoding="UTF-8"?>
<coverage generated="1595602072270" clover="3.2.0">
  <project timestamp="1595602072270" name="All files">
    <metrics statements="235" coveredstatements="193" conditionals="76" coveredconditionals="53" methods="44" coveredmethods="40" elements="355" coveredelements="286" complexity="0" loc="235" ncloc="235" packages="1" files="1" classes="1"/>
    <file name="ships.js" path="/home/mary/source/Odin-Javascript/battleship-tdd/src/ships.js">
      <metrics statements="235" coveredstatements="193" conditionals="76" coveredconditionals="53" methods="44" coveredmethods="40"/>
      <line num="3" count="1" type="stmt"/>
      <line num="10" count="45" type="stmt"/>
      <line num="11" count="45" type="stmt"/>
      <line num="12" count="45" type="stmt"/>
      <line num="13" count="45" type="stmt"/>
      <line num="15" count="45" type="stmt"/>
      <line num="16" count="16" type="stmt"/>
      <line num="17" count="16" type="stmt"/>
      <line num="18" count="60" type="cond" truecount="2" falsecount="0"/>
      <line num="19" count="32" type="stmt"/>
      <line num="22" count="16" type="cond" truecount="2" falsecount="0"/>
      <line num="23" count="4" type="stmt"/>
      <line num="27" count="45" type="stmt"/>
      <line num="28" count="16" type="stmt"/>
      <line num="29" count="16" type="stmt"/>
      <line num="30" count="16" type="stmt"/>
      <line num="33" count="45" type="stmt"/>
      <line num="43" count="1" type="stmt"/>
      <line num="49" count="24" type="stmt"/>
      <line num="50" count="24" type="stmt"/>
      <line num="51" count="24" type="stmt"/>
      <line num="52" count="2400" type="stmt"/>
      <line num="53" count="2400" type="stmt"/>
      <line num="55" count="24" type="stmt"/>
      <line num="58" count="24" type="stmt"/>
      <line num="59" count="24" type="stmt"/>
      <line num="60" count="24" type="stmt"/>
      <line num="64" count="45" type="stmt"/>
      <line num="65" count="45" type="stmt"/>
      <line num="66" count="45" type="stmt"/>
      <line num="67" count="45" type="stmt"/>
      <line num="71" count="45" type="stmt"/>
      <line num="72" count="149" type="stmt"/>
      <line num="73" count="149" type="stmt"/>
      <line num="74" count="149" type="stmt"/>
      <line num="80" count="24" type="cond" truecount="2" falsecount="0"/>
      <line num="81" count="6" type="stmt"/>
      <line num="82" count="6" type="stmt"/>
      <line num="83" count="18" type="stmt"/>
      <line num="84" count="30" type="stmt"/>
      <line num="85" count="30" type="cond" truecount="1" falsecount="1"/>
      <line num="86" count="30" type="stmt"/>
      <line num="87" count="30" type="stmt"/>
      <line num="91" count="6" type="stmt"/>
      <line num="95" count="30" type="stmt"/>
      <line num="96" count="30" type="stmt"/>
      <line num="97" count="30" type="cond" truecount="2" falsecount="0"/>
      <line num="98" count="16" type="stmt"/>
      <line num="99" count="16" type="cond" truecount="2" falsecount="0"/>
      <line num="100" count="12" type="stmt"/>
      <line num="102" count="4" type="stmt"/>
      <line num="103" count="4" type="cond" truecount="1" falsecount="1"/>
      <line num="104" count="4" type="stmt"/>
      <line num="105" count="0" type="stmt"/>
      <line num="108" count="14" type="stmt"/>
      <line num="109" count="14" type="cond" truecount="1" falsecount="1"/>
      <line num="110" count="14" type="stmt"/>
      <line num="112" count="0" type="stmt"/>
      <line num="113" count="0" type="cond" truecount="0" falsecount="2"/>
      <line num="114" count="0" type="stmt"/>
      <line num="115" count="0" type="stmt"/>
      <line num="121" count="18" type="stmt"/>
      <line num="122" count="18" type="stmt"/>
      <line num="123" count="18" type="stmt"/>
      <line num="124" count="90" type="stmt"/>
      <line num="125" count="90" type="stmt"/>
      <line num="126" count="90" type="stmt"/>
      <line num="128" count="18" type="stmt"/>
      <line num="129" count="18" type="stmt"/>
      <line num="130" count="72" type="stmt"/>
      <line num="131" count="72" type="stmt"/>
      <line num="132" count="72" type="stmt"/>
      <line num="134" count="18" type="stmt"/>
      <line num="135" count="18" type="cond" truecount="1" falsecount="1"/>
      <line num="136" count="0" type="stmt"/>
      <line num="138" count="18" type="stmt"/>
      <line num="143" count="16" type="stmt"/>
      <line num="144" count="16" type="stmt"/>
      <line num="145" count="16" type="stmt"/>
      <line num="146" count="16" type="stmt"/>
      <line num="147" count="160" type="stmt"/>
      <line num="148" count="160" type="stmt"/>
      <line num="149" count="160" type="stmt"/>
      <line num="151" count="16" type="stmt"/>
      <line num="152" count="160" type="stmt"/>
      <line num="153" count="160" type="stmt"/>
      <line num="154" count="160" type="stmt"/>
      <line num="156" count="16" type="stmt"/>
      <line num="157" count="16" type="cond" truecount="2" falsecount="0"/>
      <line num="158" count="1" type="stmt"/>
      <line num="160" count="15" type="stmt"/>
      <line num="161" count="15" type="cond" truecount="2" falsecount="0"/>
      <line num="162" count="3" type="stmt"/>
      <line num="164" count="12" type="stmt"/>
      <line num="170" count="15" type="stmt"/>
      <line num="171" count="46" type="stmt"/>
      <line num="172" count="46" type="cond" truecount="2" falsecount="0"/>
      <line num="173" count="7" type="stmt"/>
      <line num="174" count="7" type="cond" truecount="2" falsecount="0"/>
      <line num="175" count="3" type="stmt"/>
      <line num="179" count="12" type="stmt"/>
      <line num="183" count="516" type="stmt"/>
      <line num="184" count="456" type="stmt"/>
      <line num="185" count="928" type="stmt"/>
      <line num="186" count="34" type="stmt"/>
      <line num="187" count="34" type="stmt"/>
      <line num="188" count="34" type="stmt"/>
      <line num="189" count="429" type="cond" truecount="2" falsecount="0"/>
      <line num="190" count="405" type="stmt"/>
      <line num="192" count="24" type="stmt"/>
      <line num="196" count="34" type="cond" truecount="2" falsecount="0"/>
      <line num="197" count="1" type="stmt"/>
      <line num="200" count="33" type="stmt"/>
      <line num="201" count="33" type="stmt"/>
      <line num="205" count="429" type="stmt"/>
      <line num="206" count="19020" type="cond" truecount="2" falsecount="0"/>
      <line num="207" count="429" type="cond" truecount="2" falsecount="0"/>
      <line num="208" count="405" type="stmt"/>
      <line num="209" count="24" type="stmt"/>
      <line num="216" count="12" type="stmt"/>
      <line num="217" count="30" type="stmt"/>
      <line num="218" count="30" type="cond" truecount="2" falsecount="0"/>
      <line num="219" count="12" type="stmt"/>
      <line num="225" count="165" type="stmt"/>
      <line num="226" count="7092" type="stmt"/>
      <line num="227" count="7092" type="cond" truecount="2" falsecount="0"/>
      <line num="228" count="165" type="stmt"/>
      <line num="231" count="0" type="stmt"/>
      <line num="234" count="24" type="stmt"/>
      <line num="235" count="14" type="stmt"/>
      <line num="236" count="14" type="stmt"/>
      <line num="237" count="14" type="stmt"/>
      <line num="238" count="14" type="cond" truecount="2" falsecount="0"/>
      <line num="239" count="12" type="stmt"/>
      <line num="240" count="12" type="stmt"/>
      <line num="241" count="12" type="stmt"/>
      <line num="243" count="14" type="stmt"/>
      <line num="244" count="14" type="stmt"/>
      <line num="247" count="24" type="stmt"/>
      <line num="248" count="14" type="stmt"/>
      <line num="249" count="14" type="stmt"/>
      <line num="250" count="37" type="cond" truecount="2" falsecount="0"/>
      <line num="251" count="14" type="stmt"/>
      <line num="254" count="14" type="cond" truecount="2" falsecount="0"/>
      <line num="255" count="3" type="stmt"/>
      <line num="256" count="3" type="stmt"/>
      <line num="257" count="11" type="stmt"/>
      <line num="260" count="24" type="stmt"/>
      <line num="261" count="24" type="stmt"/>
      <line num="262" count="24" type="stmt"/>
      <line num="263" count="24" type="stmt"/>
      <line num="266" count="24" type="stmt"/>
      <line num="280" count="1" type="stmt"/>
      <line num="284" count="12" type="stmt"/>
      <line num="286" count="12" type="stmt"/>
      <line num="287" count="12" type="stmt"/>
      <line num="288" count="12" type="stmt"/>
      <line num="290" count="12" type="stmt"/>
      <line num="295" count="1" type="stmt"/>
      <line num="296" count="1" type="stmt"/>
      <line num="302" count="0" type="stmt"/>
      <line num="303" count="0" type="stmt"/>
      <line num="304" count="0" type="stmt"/>
      <line num="305" count="0" type="stmt"/>
      <line num="306" count="0" type="stmt"/>
      <line num="307" count="0" type="stmt"/>
      <line num="312" count="0" type="stmt"/>
      <line num="313" count="0" type="stmt"/>
      <line num="314" count="0" type="cond" truecount="0" falsecount="2"/>
      <line num="315" count="0" type="cond" truecount="0" falsecount="2"/>
      <line num="316" count="0" type="stmt"/>
      <line num="320" count="0" type="stmt"/>
      <line num="325" count="0" type="stmt"/>
      <line num="326" count="0" type="stmt"/>
      <line num="327" count="0" type="stmt"/>
      <line num="328" count="0" type="stmt"/>
      <line num="329" count="0" type="cond" truecount="0" falsecount="2"/>
      <line num="330" count="0" type="cond" truecount="0" falsecount="2"/>
      <line num="331" count="0" type="stmt"/>
      <line num="336" count="0" type="stmt"/>
      <line num="340" count="1" type="stmt"/>
      <line num="341" count="1" type="stmt"/>
      <line num="342" count="0" type="stmt"/>
      <line num="343" count="0" type="stmt"/>
      <line num="344" count="0" type="stmt"/>
      <line num="345" count="0" type="cond" truecount="0" falsecount="2"/>
      <line num="346" count="0" type="cond" truecount="0" falsecount="2"/>
      <line num="347" count="0" type="stmt"/>
      <line num="348" count="0" type="cond" truecount="0" falsecount="2"/>
      <line num="349" count="0" type="stmt"/>
      <line num="355" count="1" type="stmt"/>
      <line num="363" count="1" type="stmt"/>
      <line num="364" count="1" type="stmt"/>
      <line num="365" count="1" type="stmt"/>
      <line num="366" count="1" type="cond" truecount="1" falsecount="1"/>
      <line num="367" count="1" type="stmt"/>
      <line num="368" count="1" type="cond" truecount="1" falsecount="1"/>
      <line num="369" count="0" type="stmt"/>
      <line num="370" count="0" type="stmt"/>
      <line num="371" count="0" type="stmt"/>
      <line num="372" count="0" type="stmt"/>
      <line num="373" count="0" type="stmt"/>
      <line num="376" count="0" type="stmt"/>
      <line num="377" count="0" type="stmt"/>
      <line num="382" count="2" type="stmt"/>
      <line num="383" count="2" type="stmt"/>
      <line num="384" count="2" type="stmt"/>
      <line num="385" count="466" type="stmt"/>
      <line num="386" count="466" type="stmt"/>
      <line num="387" count="46426" type="cond" truecount="2" falsecount="0"/>
      <line num="388" count="466" type="cond" truecount="2" falsecount="0"/>
      <line num="389" count="2" type="stmt"/>
      <line num="390" count="2" type="stmt"/>
      <line num="398" count="4" type="stmt"/>
      <line num="399" count="4" type="stmt"/>
      <line num="400" count="400" type="stmt"/>
      <line num="401" count="400" type="cond" truecount="2" falsecount="0"/>
      <line num="402" count="396" type="stmt"/>
      <line num="403" count="4" type="cond" truecount="1" falsecount="1"/>
      <line num="404" count="4" type="stmt"/>
      <line num="409" count="12" type="stmt"/>
      <line num="410" count="12" type="stmt"/>
      <line num="413" count="12" type="stmt"/>
      <line num="423" count="1" type="stmt"/>
      <line num="427" count="6" type="stmt"/>
      <line num="428" count="6" type="stmt"/>
      <line num="429" count="12" type="stmt"/>
      <line num="430" count="12" type="stmt"/>
      <line num="431" count="12" type="stmt"/>
      <line num="433" count="6" type="stmt"/>
      <line num="434" count="6" type="stmt"/>
      <line num="437" count="8" type="stmt"/>
      <line num="438" count="10" type="cond" truecount="2" falsecount="0"/>
      <line num="439" count="8" type="stmt"/>
      <line num="444" count="6" type="stmt"/>
    </file>
  </project>
</coverage>
