{"/home/mary/source/Odin-Javascript/battleship-tdd/src/ships.js": {"path":"/home/mary/source/Odin-Javascript/battleship-tdd/src/ships.js","statementMap":{"0":{"start":{"line":3,"column":13},"end":{"line":41,"column":3}},"1":{"start":{"line":10,"column":26},"end":{"line":10,"column":42}},"2":{"start":{"line":10,"column":32},"end":{"line":10,"column":42}},"3":{"start":{"line":11,"column":20},"end":{"line":11,"column":30}},"4":{"start":{"line":11,"column":26},"end":{"line":11,"column":30}},"5":{"start":{"line":12,"column":25},"end":{"line":12,"column":40}},"6":{"start":{"line":12,"column":31},"end":{"line":12,"column":40}},"7":{"start":{"line":13,"column":22},"end":{"line":13,"column":39}},"8":{"start":{"line":13,"column":28},"end":{"line":13,"column":39}},"9":{"start":{"line":15,"column":22},"end":{"line":25,"column":5}},"10":{"start":{"line":16,"column":23},"end":{"line":16,"column":24}},"11":{"start":{"line":17,"column":6},"end":{"line":21,"column":7}},"12":{"start":{"line":17,"column":18},"end":{"line":17,"column":19}},"13":{"start":{"line":18,"column":8},"end":{"line":20,"column":9}},"14":{"start":{"line":19,"column":10},"end":{"line":19,"column":38}},"15":{"start":{"line":22,"column":6},"end":{"line":24,"column":7}},"16":{"start":{"line":23,"column":8},"end":{"line":23,"column":20}},"17":{"start":{"line":27,"column":16},"end":{"line":31,"column":5}},"18":{"start":{"line":28,"column":18},"end":{"line":28,"column":43}},"19":{"start":{"line":29,"column":6},"end":{"line":29,"column":29}},"20":{"start":{"line":30,"column":6},"end":{"line":30,"column":18}},"21":{"start":{"line":33,"column":4},"end":{"line":40,"column":6}},"22":{"start":{"line":43,"column":18},"end":{"line":277,"column":1}},"23":{"start":{"line":49,"column":26},"end":{"line":56,"column":3}},"24":{"start":{"line":50,"column":22},"end":{"line":50,"column":24}},"25":{"start":{"line":51,"column":4},"end":{"line":54,"column":5}},"26":{"start":{"line":51,"column":16},"end":{"line":51,"column":17}},"27":{"start":{"line":52,"column":22},"end":{"line":52,"column":66}},"28":{"start":{"line":53,"column":6},"end":{"line":53,"column":34}},"29":{"start":{"line":55,"column":4},"end":{"line":55,"column":23}},"30":{"start":{"line":58,"column":20},"end":{"line":58,"column":37}},"31":{"start":{"line":59,"column":19},"end":{"line":59,"column":21}},"32":{"start":{"line":60,"column":21},"end":{"line":60,"column":34}},"33":{"start":{"line":64,"column":18},"end":{"line":64,"column":43}},"34":{"start":{"line":65,"column":4},"end":{"line":65,"column":22}},"35":{"start":{"line":66,"column":4},"end":{"line":66,"column":28}},"36":{"start":{"line":67,"column":4},"end":{"line":67,"column":19}},"37":{"start":{"line":71,"column":4},"end":{"line":75,"column":5}},"38":{"start":{"line":71,"column":16},"end":{"line":71,"column":17}},"39":{"start":{"line":72,"column":31},"end":{"line":72,"column":40}},"40":{"start":{"line":73,"column":26},"end":{"line":73,"column":56}},"41":{"start":{"line":74,"column":6},"end":{"line":74,"column":35}},"42":{"start":{"line":80,"column":4},"end":{"line":80,"column":41}},"43":{"start":{"line":80,"column":27},"end":{"line":80,"column":40}},"44":{"start":{"line":81,"column":21},"end":{"line":81,"column":36}},"45":{"start":{"line":82,"column":4},"end":{"line":90,"column":5}},"46":{"start":{"line":83,"column":6},"end":{"line":89,"column":7}},"47":{"start":{"line":83,"column":18},"end":{"line":83,"column":19}},"48":{"start":{"line":84,"column":21},"end":{"line":84,"column":55}},"49":{"start":{"line":85,"column":8},"end":{"line":88,"column":9}},"50":{"start":{"line":86,"column":24},"end":{"line":86,"column":57}},"51":{"start":{"line":87,"column":10},"end":{"line":87,"column":34}},"52":{"start":{"line":91,"column":4},"end":{"line":91,"column":16}},"53":{"start":{"line":95,"column":21},"end":{"line":95,"column":23}},"54":{"start":{"line":96,"column":22},"end":{"line":96,"column":64}},"55":{"start":{"line":97,"column":4},"end":{"line":117,"column":5}},"56":{"start":{"line":98,"column":6},"end":{"line":98,"column":52}},"57":{"start":{"line":99,"column":6},"end":{"line":106,"column":7}},"58":{"start":{"line":100,"column":8},"end":{"line":100,"column":26}},"59":{"start":{"line":102,"column":8},"end":{"line":102,"column":51}},"60":{"start":{"line":103,"column":8},"end":{"line":105,"column":29}},"61":{"start":{"line":104,"column":10},"end":{"line":104,"column":28}},"62":{"start":{"line":105,"column":16},"end":{"line":105,"column":28}},"63":{"start":{"line":108,"column":6},"end":{"line":108,"column":49}},"64":{"start":{"line":109,"column":6},"end":{"line":116,"column":7}},"65":{"start":{"line":110,"column":8},"end":{"line":110,"column":26}},"66":{"start":{"line":112,"column":8},"end":{"line":112,"column":54}},"67":{"start":{"line":113,"column":8},"end":{"line":115,"column":29}},"68":{"start":{"line":114,"column":10},"end":{"line":114,"column":28}},"69":{"start":{"line":115,"column":16},"end":{"line":115,"column":28}},"70":{"start":{"line":121,"column":17},"end":{"line":121,"column":24}},"71":{"start":{"line":122,"column":19},"end":{"line":122,"column":24}},"72":{"start":{"line":123,"column":4},"end":{"line":127,"column":5}},"73":{"start":{"line":123,"column":16},"end":{"line":123,"column":17}},"74":{"start":{"line":124,"column":25},"end":{"line":124,"column":38}},"75":{"start":{"line":125,"column":6},"end":{"line":125,"column":32}},"76":{"start":{"line":126,"column":6},"end":{"line":126,"column":21}},"77":{"start":{"line":128,"column":21},"end":{"line":128,"column":26}},"78":{"start":{"line":129,"column":4},"end":{"line":133,"column":5}},"79":{"start":{"line":129,"column":16},"end":{"line":129,"column":17}},"80":{"start":{"line":130,"column":26},"end":{"line":130,"column":41}},"81":{"start":{"line":131,"column":6},"end":{"line":131,"column":33}},"82":{"start":{"line":132,"column":6},"end":{"line":132,"column":23}},"83":{"start":{"line":134,"column":18},"end":{"line":134,"column":49}},"84":{"start":{"line":135,"column":4},"end":{"line":139,"column":5}},"85":{"start":{"line":136,"column":6},"end":{"line":136,"column":19}},"86":{"start":{"line":138,"column":6},"end":{"line":138,"column":21}},"87":{"start":{"line":143,"column":17},"end":{"line":143,"column":29}},"88":{"start":{"line":144,"column":21},"end":{"line":144,"column":31}},"89":{"start":{"line":145,"column":23},"end":{"line":145,"column":33}},"90":{"start":{"line":146,"column":4},"end":{"line":150,"column":5}},"91":{"start":{"line":146,"column":16},"end":{"line":146,"column":17}},"92":{"start":{"line":147,"column":25},"end":{"line":147,"column":39}},"93":{"start":{"line":148,"column":6},"end":{"line":148,"column":31}},"94":{"start":{"line":149,"column":6},"end":{"line":149,"column":22}},"95":{"start":{"line":151,"column":4},"end":{"line":155,"column":5}},"96":{"start":{"line":151,"column":16},"end":{"line":151,"column":17}},"97":{"start":{"line":152,"column":26},"end":{"line":152,"column":42}},"98":{"start":{"line":153,"column":6},"end":{"line":153,"column":33}},"99":{"start":{"line":154,"column":6},"end":{"line":154,"column":24}},"100":{"start":{"line":156,"column":18},"end":{"line":156,"column":49}},"101":{"start":{"line":157,"column":4},"end":{"line":166,"column":5}},"102":{"start":{"line":158,"column":6},"end":{"line":158,"column":19}},"103":{"start":{"line":160,"column":24},"end":{"line":160,"column":47}},"104":{"start":{"line":161,"column":6},"end":{"line":165,"column":7}},"105":{"start":{"line":162,"column":8},"end":{"line":162,"column":21}},"106":{"start":{"line":164,"column":8},"end":{"line":164,"column":26}},"107":{"start":{"line":170,"column":4},"end":{"line":178,"column":5}},"108":{"start":{"line":170,"column":16},"end":{"line":170,"column":17}},"109":{"start":{"line":171,"column":19},"end":{"line":171,"column":27}},"110":{"start":{"line":172,"column":6},"end":{"line":177,"column":7}},"111":{"start":{"line":173,"column":22},"end":{"line":173,"column":32}},"112":{"start":{"line":174,"column":8},"end":{"line":176,"column":9}},"113":{"start":{"line":175,"column":10},"end":{"line":175,"column":23}},"114":{"start":{"line":179,"column":4},"end":{"line":179,"column":17}},"115":{"start":{"line":183,"column":21},"end":{"line":183,"column":54}},"116":{"start":{"line":183,"column":43},"end":{"line":183,"column":53}},"117":{"start":{"line":184,"column":23},"end":{"line":184,"column":72}},"118":{"start":{"line":184,"column":55},"end":{"line":184,"column":71}},"119":{"start":{"line":185,"column":23},"end":{"line":185,"column":57}},"120":{"start":{"line":185,"column":51},"end":{"line":185,"column":56}},"121":{"start":{"line":186,"column":23},"end":{"line":186,"column":25}},"122":{"start":{"line":187,"column":4},"end":{"line":199,"column":5}},"123":{"start":{"line":188,"column":6},"end":{"line":195,"column":7}},"124":{"start":{"line":188,"column":18},"end":{"line":188,"column":19}},"125":{"start":{"line":189,"column":8},"end":{"line":193,"column":9}},"126":{"start":{"line":190,"column":10},"end":{"line":190,"column":45}},"127":{"start":{"line":192,"column":10},"end":{"line":192,"column":28}},"128":{"start":{"line":196,"column":6},"end":{"line":198,"column":7}},"129":{"start":{"line":197,"column":6},"end":{"line":197,"column":19}},"130":{"start":{"line":200,"column":4},"end":{"line":200,"column":50}},"131":{"start":{"line":201,"column":4},"end":{"line":201,"column":24}},"132":{"start":{"line":205,"column":4},"end":{"line":211,"column":5}},"133":{"start":{"line":205,"column":16},"end":{"line":205,"column":17}},"134":{"start":{"line":206,"column":6},"end":{"line":210,"column":7}},"135":{"start":{"line":207,"column":8},"end":{"line":209,"column":29}},"136":{"start":{"line":208,"column":10},"end":{"line":208,"column":22}},"137":{"start":{"line":209,"column":16},"end":{"line":209,"column":28}},"138":{"start":{"line":216,"column":4},"end":{"line":221,"column":5}},"139":{"start":{"line":216,"column":16},"end":{"line":216,"column":17}},"140":{"start":{"line":217,"column":30},"end":{"line":217,"column":55}},"141":{"start":{"line":218,"column":6},"end":{"line":220,"column":7}},"142":{"start":{"line":219,"column":8},"end":{"line":219,"column":29}},"143":{"start":{"line":225,"column":4},"end":{"line":230,"column":5}},"144":{"start":{"line":225,"column":16},"end":{"line":225,"column":17}},"145":{"start":{"line":226,"column":26},"end":{"line":226,"column":40}},"146":{"start":{"line":227,"column":6},"end":{"line":229,"column":7}},"147":{"start":{"line":228,"column":8},"end":{"line":228,"column":29}},"148":{"start":{"line":231,"column":4},"end":{"line":231,"column":34}},"149":{"start":{"line":234,"column":24},"end":{"line":245,"column":3}},"150":{"start":{"line":235,"column":23},"end":{"line":235,"column":40}},"151":{"start":{"line":236,"column":4},"end":{"line":236,"column":31}},"152":{"start":{"line":237,"column":19},"end":{"line":237,"column":24}},"153":{"start":{"line":238,"column":4},"end":{"line":242,"column":5}},"154":{"start":{"line":239,"column":23},"end":{"line":239,"column":38}},"155":{"start":{"line":240,"column":6},"end":{"line":240,"column":28}},"156":{"start":{"line":241,"column":6},"end":{"line":241,"column":22}},"157":{"start":{"line":243,"column":4},"end":{"line":243,"column":18}},"158":{"start":{"line":244,"column":4},"end":{"line":244,"column":20}},"159":{"start":{"line":247,"column":20},"end":{"line":258,"column":1}},"160":{"start":{"line":248,"column":14},"end":{"line":248,"column":31}},"161":{"start":{"line":249,"column":2},"end":{"line":253,"column":3}},"162":{"start":{"line":249,"column":14},"end":{"line":249,"column":15}},"163":{"start":{"line":250,"column":4},"end":{"line":252,"column":5}},"164":{"start":{"line":251,"column":6},"end":{"line":251,"column":14}},"165":{"start":{"line":254,"column":2},"end":{"line":257,"column":23}},"166":{"start":{"line":255,"column":4},"end":{"line":255,"column":20}},"167":{"start":{"line":256,"column":4},"end":{"line":256,"column":16}},"168":{"start":{"line":257,"column":10},"end":{"line":257,"column":22}},"169":{"start":{"line":260,"column":26},"end":{"line":260,"column":44}},"170":{"start":{"line":260,"column":32},"end":{"line":260,"column":44}},"171":{"start":{"line":261,"column":19},"end":{"line":261,"column":44}},"172":{"start":{"line":261,"column":28},"end":{"line":261,"column":44}},"173":{"start":{"line":262,"column":20},"end":{"line":262,"column":37}},"174":{"start":{"line":262,"column":26},"end":{"line":262,"column":37}},"175":{"start":{"line":263,"column":22},"end":{"line":263,"column":36}},"176":{"start":{"line":263,"column":28},"end":{"line":263,"column":36}},"177":{"start":{"line":266,"column":2},"end":{"line":275,"column":4}},"178":{"start":{"line":280,"column":15},"end":{"line":421,"column":1}},"179":{"start":{"line":284,"column":22},"end":{"line":284,"column":24}},"180":{"start":{"line":286,"column":26},"end":{"line":289,"column":3}},"181":{"start":{"line":287,"column":19},"end":{"line":287,"column":42}},"182":{"start":{"line":288,"column":4},"end":{"line":288,"column":20}},"183":{"start":{"line":290,"column":18},"end":{"line":290,"column":35}},"184":{"start":{"line":295,"column":28},"end":{"line":295,"column":34}},"185":{"start":{"line":296,"column":4},"end":{"line":296,"column":43}},"186":{"start":{"line":302,"column":23},"end":{"line":302,"column":25}},"187":{"start":{"line":303,"column":4},"end":{"line":303,"column":38}},"188":{"start":{"line":304,"column":4},"end":{"line":304,"column":38}},"189":{"start":{"line":305,"column":4},"end":{"line":305,"column":37}},"190":{"start":{"line":306,"column":4},"end":{"line":306,"column":37}},"191":{"start":{"line":307,"column":4},"end":{"line":307,"column":24}},"192":{"start":{"line":312,"column":22},"end":{"line":312,"column":24}},"193":{"start":{"line":313,"column":4},"end":{"line":319,"column":5}},"194":{"start":{"line":313,"column":16},"end":{"line":313,"column":17}},"195":{"start":{"line":314,"column":6},"end":{"line":318,"column":7}},"196":{"start":{"line":315,"column":8},"end":{"line":317,"column":9}},"197":{"start":{"line":316,"column":10},"end":{"line":316,"column":37}},"198":{"start":{"line":320,"column":4},"end":{"line":320,"column":23}},"199":{"start":{"line":325,"column":4},"end":{"line":335,"column":5}},"200":{"start":{"line":325,"column":16},"end":{"line":325,"column":17}},"201":{"start":{"line":326,"column":20},"end":{"line":326,"column":28}},"202":{"start":{"line":327,"column":6},"end":{"line":334,"column":7}},"203":{"start":{"line":327,"column":18},"end":{"line":327,"column":19}},"204":{"start":{"line":328,"column":27},"end":{"line":328,"column":41}},"205":{"start":{"line":329,"column":8},"end":{"line":333,"column":9}},"206":{"start":{"line":330,"column":10},"end":{"line":332,"column":11}},"207":{"start":{"line":331,"column":12},"end":{"line":331,"column":31}},"208":{"start":{"line":336,"column":4},"end":{"line":336,"column":16}},"209":{"start":{"line":340,"column":22},"end":{"line":340,"column":36}},"210":{"start":{"line":341,"column":4},"end":{"line":354,"column":5}},"211":{"start":{"line":341,"column":16},"end":{"line":341,"column":17}},"212":{"start":{"line":342,"column":20},"end":{"line":342,"column":36}},"213":{"start":{"line":343,"column":6},"end":{"line":353,"column":7}},"214":{"start":{"line":343,"column":18},"end":{"line":343,"column":19}},"215":{"start":{"line":344,"column":27},"end":{"line":344,"column":41}},"216":{"start":{"line":345,"column":8},"end":{"line":352,"column":9}},"217":{"start":{"line":346,"column":10},"end":{"line":351,"column":11}},"218":{"start":{"line":347,"column":12},"end":{"line":347,"column":39}},"219":{"start":{"line":348,"column":12},"end":{"line":350,"column":13}},"220":{"start":{"line":349,"column":14},"end":{"line":349,"column":33}},"221":{"start":{"line":355,"column":4},"end":{"line":355,"column":25}},"222":{"start":{"line":363,"column":20},"end":{"line":363,"column":42}},"223":{"start":{"line":364,"column":21},"end":{"line":364,"column":26}},"224":{"start":{"line":365,"column":4},"end":{"line":365,"column":48}},"225":{"start":{"line":366,"column":4},"end":{"line":378,"column":5}},"226":{"start":{"line":367,"column":6},"end":{"line":367,"column":52}},"227":{"start":{"line":368,"column":6},"end":{"line":374,"column":7}},"228":{"start":{"line":369,"column":26},"end":{"line":369,"column":45}},"229":{"start":{"line":370,"column":27},"end":{"line":370,"column":53}},"230":{"start":{"line":371,"column":8},"end":{"line":371,"column":53}},"231":{"start":{"line":372,"column":8},"end":{"line":372,"column":70}},"232":{"start":{"line":373,"column":8},"end":{"line":373,"column":37}},"233":{"start":{"line":376,"column":6},"end":{"line":376,"column":59}},"234":{"start":{"line":377,"column":6},"end":{"line":377,"column":33}},"235":{"start":{"line":382,"column":22},"end":{"line":382,"column":41}},"236":{"start":{"line":383,"column":19},"end":{"line":383,"column":23}},"237":{"start":{"line":384,"column":4},"end":{"line":394,"column":5}},"238":{"start":{"line":385,"column":24},"end":{"line":385,"column":66}},"239":{"start":{"line":386,"column":6},"end":{"line":393,"column":7}},"240":{"start":{"line":386,"column":18},"end":{"line":386,"column":19}},"241":{"start":{"line":387,"column":8},"end":{"line":392,"column":9}},"242":{"start":{"line":388,"column":10},"end":{"line":391,"column":11}},"243":{"start":{"line":389,"column":12},"end":{"line":389,"column":29}},"244":{"start":{"line":390,"column":12},"end":{"line":390,"column":31}},"245":{"start":{"line":398,"column":22},"end":{"line":398,"column":43}},"246":{"start":{"line":399,"column":4},"end":{"line":406,"column":5}},"247":{"start":{"line":399,"column":16},"end":{"line":399,"column":17}},"248":{"start":{"line":400,"column":26},"end":{"line":400,"column":40}},"249":{"start":{"line":401,"column":6},"end":{"line":405,"column":7}},"250":{"start":{"line":402,"column":8},"end":{"line":402,"column":36}},"251":{"start":{"line":403,"column":13},"end":{"line":405,"column":7}},"252":{"start":{"line":404,"column":8},"end":{"line":404,"column":37}},"253":{"start":{"line":409,"column":24},"end":{"line":409,"column":42}},"254":{"start":{"line":409,"column":30},"end":{"line":409,"column":42}},"255":{"start":{"line":410,"column":21},"end":{"line":410,"column":36}},"256":{"start":{"line":410,"column":27},"end":{"line":410,"column":36}},"257":{"start":{"line":413,"column":2},"end":{"line":420,"column":4}},"258":{"start":{"line":423,"column":13},"end":{"line":448,"column":1}},"259":{"start":{"line":427,"column":21},"end":{"line":427,"column":23}},"260":{"start":{"line":428,"column":23},"end":{"line":432,"column":3}},"261":{"start":{"line":429,"column":20},"end":{"line":429,"column":31}},"262":{"start":{"line":430,"column":4},"end":{"line":430,"column":33}},"263":{"start":{"line":431,"column":4},"end":{"line":431,"column":21}},"264":{"start":{"line":433,"column":18},"end":{"line":433,"column":33}},"265":{"start":{"line":434,"column":18},"end":{"line":434,"column":33}},"266":{"start":{"line":437,"column":4},"end":{"line":441,"column":5}},"267":{"start":{"line":437,"column":16},"end":{"line":437,"column":17}},"268":{"start":{"line":438,"column":6},"end":{"line":440,"column":7}},"269":{"start":{"line":439,"column":8},"end":{"line":439,"column":31}},"270":{"start":{"line":444,"column":2},"end":{"line":447,"column":4}}},"fnMap":{"0":{"name":"(anonymous_0)","decl":{"start":{"line":3,"column":13},"end":{"line":3,"column":14}},"loc":{"start":{"line":8,"column":7},"end":{"line":41,"column":3}},"line":8},"1":{"name":"(anonymous_1)","decl":{"start":{"line":10,"column":26},"end":{"line":10,"column":27}},"loc":{"start":{"line":10,"column":32},"end":{"line":10,"column":42}},"line":10},"2":{"name":"(anonymous_2)","decl":{"start":{"line":11,"column":20},"end":{"line":11,"column":21}},"loc":{"start":{"line":11,"column":26},"end":{"line":11,"column":30}},"line":11},"3":{"name":"(anonymous_3)","decl":{"start":{"line":12,"column":25},"end":{"line":12,"column":26}},"loc":{"start":{"line":12,"column":31},"end":{"line":12,"column":40}},"line":12},"4":{"name":"(anonymous_4)","decl":{"start":{"line":13,"column":22},"end":{"line":13,"column":23}},"loc":{"start":{"line":13,"column":28},"end":{"line":13,"column":39}},"line":13},"5":{"name":"(anonymous_5)","decl":{"start":{"line":15,"column":22},"end":{"line":15,"column":23}},"loc":{"start":{"line":15,"column":34},"end":{"line":25,"column":5}},"line":15},"6":{"name":"(anonymous_6)","decl":{"start":{"line":27,"column":16},"end":{"line":27,"column":17}},"loc":{"start":{"line":27,"column":34},"end":{"line":31,"column":5}},"line":27},"7":{"name":"(anonymous_7)","decl":{"start":{"line":43,"column":18},"end":{"line":43,"column":19}},"loc":{"start":{"line":47,"column":5},"end":{"line":277,"column":1}},"line":47},"8":{"name":"(anonymous_8)","decl":{"start":{"line":49,"column":26},"end":{"line":49,"column":27}},"loc":{"start":{"line":49,"column":32},"end":{"line":56,"column":3}},"line":49},"9":{"name":"createShip","decl":{"start":{"line":63,"column":11},"end":{"line":63,"column":21}},"loc":{"start":{"line":63,"column":36},"end":{"line":68,"column":3}},"line":63},"10":{"name":"placeShip","decl":{"start":{"line":70,"column":11},"end":{"line":70,"column":20}},"loc":{"start":{"line":70,"column":29},"end":{"line":76,"column":3}},"line":70},"11":{"name":"createFleet","decl":{"start":{"line":79,"column":11},"end":{"line":79,"column":22}},"loc":{"start":{"line":79,"column":25},"end":{"line":92,"column":3}},"line":79},"12":{"name":"findAvailableCoords","decl":{"start":{"line":94,"column":11},"end":{"line":94,"column":30}},"loc":{"start":{"line":94,"column":39},"end":{"line":118,"column":3}},"line":94},"13":{"name":"tryUpDown","decl":{"start":{"line":120,"column":11},"end":{"line":120,"column":20}},"loc":{"start":{"line":120,"column":36},"end":{"line":140,"column":3}},"line":120},"14":{"name":"tryLeftRight","decl":{"start":{"line":142,"column":11},"end":{"line":142,"column":23}},"loc":{"start":{"line":142,"column":44},"end":{"line":167,"column":3}},"line":142},"15":{"name":"testForNewLine","decl":{"start":{"line":169,"column":11},"end":{"line":169,"column":25}},"loc":{"start":{"line":169,"column":33},"end":{"line":180,"column":3}},"line":169},"16":{"name":"validateResults","decl":{"start":{"line":182,"column":11},"end":{"line":182,"column":26}},"loc":{"start":{"line":182,"column":42},"end":{"line":202,"column":3}},"line":182},"17":{"name":"(anonymous_17)","decl":{"start":{"line":183,"column":34},"end":{"line":183,"column":35}},"loc":{"start":{"line":183,"column":43},"end":{"line":183,"column":53}},"line":183},"18":{"name":"(anonymous_18)","decl":{"start":{"line":184,"column":41},"end":{"line":184,"column":42}},"loc":{"start":{"line":184,"column":55},"end":{"line":184,"column":71}},"line":184},"19":{"name":"(anonymous_19)","decl":{"start":{"line":185,"column":41},"end":{"line":185,"column":42}},"loc":{"start":{"line":185,"column":51},"end":{"line":185,"column":56}},"line":185},"20":{"name":"isSquareOpen","decl":{"start":{"line":204,"column":11},"end":{"line":204,"column":23}},"loc":{"start":{"line":204,"column":31},"end":{"line":213,"column":3}},"line":204},"21":{"name":"findShip","decl":{"start":{"line":215,"column":11},"end":{"line":215,"column":19}},"loc":{"start":{"line":215,"column":27},"end":{"line":222,"column":3}},"line":215},"22":{"name":"findSquare","decl":{"start":{"line":224,"column":11},"end":{"line":224,"column":21}},"loc":{"start":{"line":224,"column":29},"end":{"line":232,"column":3}},"line":224},"23":{"name":"(anonymous_23)","decl":{"start":{"line":234,"column":24},"end":{"line":234,"column":25}},"loc":{"start":{"line":234,"column":35},"end":{"line":245,"column":3}},"line":234},"24":{"name":"(anonymous_24)","decl":{"start":{"line":247,"column":20},"end":{"line":247,"column":21}},"loc":{"start":{"line":247,"column":26},"end":{"line":258,"column":1}},"line":247},"25":{"name":"(anonymous_25)","decl":{"start":{"line":260,"column":26},"end":{"line":260,"column":27}},"loc":{"start":{"line":260,"column":32},"end":{"line":260,"column":44}},"line":260},"26":{"name":"(anonymous_26)","decl":{"start":{"line":261,"column":19},"end":{"line":261,"column":20}},"loc":{"start":{"line":261,"column":28},"end":{"line":261,"column":44}},"line":261},"27":{"name":"(anonymous_27)","decl":{"start":{"line":262,"column":20},"end":{"line":262,"column":21}},"loc":{"start":{"line":262,"column":26},"end":{"line":262,"column":37}},"line":262},"28":{"name":"(anonymous_28)","decl":{"start":{"line":263,"column":22},"end":{"line":263,"column":23}},"loc":{"start":{"line":263,"column":28},"end":{"line":263,"column":36}},"line":263},"29":{"name":"(anonymous_29)","decl":{"start":{"line":280,"column":15},"end":{"line":280,"column":16}},"loc":{"start":{"line":282,"column":5},"end":{"line":421,"column":1}},"line":282},"30":{"name":"(anonymous_30)","decl":{"start":{"line":286,"column":26},"end":{"line":286,"column":27}},"loc":{"start":{"line":286,"column":32},"end":{"line":289,"column":3}},"line":286},"31":{"name":"humanShootsComputer","decl":{"start":{"line":294,"column":11},"end":{"line":294,"column":30}},"loc":{"start":{"line":294,"column":46},"end":{"line":297,"column":3}},"line":294},"32":{"name":"getOptionsArray","decl":{"start":{"line":301,"column":11},"end":{"line":301,"column":26}},"loc":{"start":{"line":301,"column":38},"end":{"line":308,"column":3}},"line":301},"33":{"name":"removeNegatives","decl":{"start":{"line":311,"column":11},"end":{"line":311,"column":26}},"loc":{"start":{"line":311,"column":34},"end":{"line":321,"column":3}},"line":311},"34":{"name":"removeStruckSquares","decl":{"start":{"line":324,"column":11},"end":{"line":324,"column":30}},"loc":{"start":{"line":324,"column":51},"end":{"line":337,"column":3}},"line":324},"35":{"name":"cleanPossibleShips","decl":{"start":{"line":339,"column":11},"end":{"line":339,"column":29}},"loc":{"start":{"line":339,"column":34},"end":{"line":356,"column":3}},"line":339},"36":{"name":"computerShootsHuman","decl":{"start":{"line":362,"column":11},"end":{"line":362,"column":30}},"loc":{"start":{"line":362,"column":40},"end":{"line":379,"column":3}},"line":362},"37":{"name":"findLegalMove","decl":{"start":{"line":381,"column":11},"end":{"line":381,"column":24}},"loc":{"start":{"line":381,"column":34},"end":{"line":395,"column":3}},"line":381},"38":{"name":"testHitAllSquares","decl":{"start":{"line":397,"column":11},"end":{"line":397,"column":28}},"loc":{"start":{"line":397,"column":40},"end":{"line":407,"column":3}},"line":397},"39":{"name":"(anonymous_39)","decl":{"start":{"line":409,"column":24},"end":{"line":409,"column":25}},"loc":{"start":{"line":409,"column":30},"end":{"line":409,"column":42}},"line":409},"40":{"name":"(anonymous_40)","decl":{"start":{"line":410,"column":21},"end":{"line":410,"column":22}},"loc":{"start":{"line":410,"column":27},"end":{"line":410,"column":36}},"line":410},"41":{"name":"(anonymous_41)","decl":{"start":{"line":423,"column":13},"end":{"line":423,"column":14}},"loc":{"start":{"line":425,"column":5},"end":{"line":448,"column":1}},"line":425},"42":{"name":"(anonymous_42)","decl":{"start":{"line":428,"column":23},"end":{"line":428,"column":24}},"loc":{"start":{"line":428,"column":32},"end":{"line":432,"column":3}},"line":428},"43":{"name":"getPlayer","decl":{"start":{"line":436,"column":11},"end":{"line":436,"column":20}},"loc":{"start":{"line":436,"column":26},"end":{"line":442,"column":3}},"line":436}},"branchMap":{"0":{"loc":{"start":{"line":7,"column":4},"end":{"line":7,"column":27}},"type":"default-arg","locations":[{"start":{"line":7,"column":18},"end":{"line":7,"column":27}}],"line":7},"1":{"loc":{"start":{"line":18,"column":8},"end":{"line":20,"column":9}},"type":"if","locations":[{"start":{"line":18,"column":8},"end":{"line":20,"column":9}},{"start":{"line":18,"column":8},"end":{"line":20,"column":9}}],"line":18},"2":{"loc":{"start":{"line":22,"column":6},"end":{"line":24,"column":7}},"type":"if","locations":[{"start":{"line":22,"column":6},"end":{"line":24,"column":7}},{"start":{"line":22,"column":6},"end":{"line":24,"column":7}}],"line":22},"3":{"loc":{"start":{"line":45,"column":2},"end":{"line":45,"column":18}},"type":"default-arg","locations":[{"start":{"line":45,"column":13},"end":{"line":45,"column":18}}],"line":45},"4":{"loc":{"start":{"line":80,"column":4},"end":{"line":80,"column":41}},"type":"if","locations":[{"start":{"line":80,"column":4},"end":{"line":80,"column":41}},{"start":{"line":80,"column":4},"end":{"line":80,"column":41}}],"line":80},"5":{"loc":{"start":{"line":85,"column":8},"end":{"line":88,"column":9}},"type":"if","locations":[{"start":{"line":85,"column":8},"end":{"line":88,"column":9}},{"start":{"line":85,"column":8},"end":{"line":88,"column":9}}],"line":85},"6":{"loc":{"start":{"line":97,"column":4},"end":{"line":117,"column":5}},"type":"if","locations":[{"start":{"line":97,"column":4},"end":{"line":117,"column":5}},{"start":{"line":97,"column":4},"end":{"line":117,"column":5}}],"line":97},"7":{"loc":{"start":{"line":99,"column":6},"end":{"line":106,"column":7}},"type":"if","locations":[{"start":{"line":99,"column":6},"end":{"line":106,"column":7}},{"start":{"line":99,"column":6},"end":{"line":106,"column":7}}],"line":99},"8":{"loc":{"start":{"line":103,"column":8},"end":{"line":105,"column":29}},"type":"if","locations":[{"start":{"line":103,"column":8},"end":{"line":105,"column":29}},{"start":{"line":103,"column":8},"end":{"line":105,"column":29}}],"line":103},"9":{"loc":{"start":{"line":109,"column":6},"end":{"line":116,"column":7}},"type":"if","locations":[{"start":{"line":109,"column":6},"end":{"line":116,"column":7}},{"start":{"line":109,"column":6},"end":{"line":116,"column":7}}],"line":109},"10":{"loc":{"start":{"line":113,"column":8},"end":{"line":115,"column":29}},"type":"if","locations":[{"start":{"line":113,"column":8},"end":{"line":115,"column":29}},{"start":{"line":113,"column":8},"end":{"line":115,"column":29}}],"line":113},"11":{"loc":{"start":{"line":135,"column":4},"end":{"line":139,"column":5}},"type":"if","locations":[{"start":{"line":135,"column":4},"end":{"line":139,"column":5}},{"start":{"line":135,"column":4},"end":{"line":139,"column":5}}],"line":135},"12":{"loc":{"start":{"line":157,"column":4},"end":{"line":166,"column":5}},"type":"if","locations":[{"start":{"line":157,"column":4},"end":{"line":166,"column":5}},{"start":{"line":157,"column":4},"end":{"line":166,"column":5}}],"line":157},"13":{"loc":{"start":{"line":161,"column":6},"end":{"line":165,"column":7}},"type":"if","locations":[{"start":{"line":161,"column":6},"end":{"line":165,"column":7}},{"start":{"line":161,"column":6},"end":{"line":165,"column":7}}],"line":161},"14":{"loc":{"start":{"line":172,"column":6},"end":{"line":177,"column":7}},"type":"if","locations":[{"start":{"line":172,"column":6},"end":{"line":177,"column":7}},{"start":{"line":172,"column":6},"end":{"line":177,"column":7}}],"line":172},"15":{"loc":{"start":{"line":174,"column":8},"end":{"line":176,"column":9}},"type":"if","locations":[{"start":{"line":174,"column":8},"end":{"line":176,"column":9}},{"start":{"line":174,"column":8},"end":{"line":176,"column":9}}],"line":174},"16":{"loc":{"start":{"line":189,"column":8},"end":{"line":193,"column":9}},"type":"if","locations":[{"start":{"line":189,"column":8},"end":{"line":193,"column":9}},{"start":{"line":189,"column":8},"end":{"line":193,"column":9}}],"line":189},"17":{"loc":{"start":{"line":196,"column":6},"end":{"line":198,"column":7}},"type":"if","locations":[{"start":{"line":196,"column":6},"end":{"line":198,"column":7}},{"start":{"line":196,"column":6},"end":{"line":198,"column":7}}],"line":196},"18":{"loc":{"start":{"line":206,"column":6},"end":{"line":210,"column":7}},"type":"if","locations":[{"start":{"line":206,"column":6},"end":{"line":210,"column":7}},{"start":{"line":206,"column":6},"end":{"line":210,"column":7}}],"line":206},"19":{"loc":{"start":{"line":207,"column":8},"end":{"line":209,"column":29}},"type":"if","locations":[{"start":{"line":207,"column":8},"end":{"line":209,"column":29}},{"start":{"line":207,"column":8},"end":{"line":209,"column":29}}],"line":207},"20":{"loc":{"start":{"line":218,"column":6},"end":{"line":220,"column":7}},"type":"if","locations":[{"start":{"line":218,"column":6},"end":{"line":220,"column":7}},{"start":{"line":218,"column":6},"end":{"line":220,"column":7}}],"line":218},"21":{"loc":{"start":{"line":227,"column":6},"end":{"line":229,"column":7}},"type":"if","locations":[{"start":{"line":227,"column":6},"end":{"line":229,"column":7}},{"start":{"line":227,"column":6},"end":{"line":229,"column":7}}],"line":227},"22":{"loc":{"start":{"line":238,"column":4},"end":{"line":242,"column":5}},"type":"if","locations":[{"start":{"line":238,"column":4},"end":{"line":242,"column":5}},{"start":{"line":238,"column":4},"end":{"line":242,"column":5}}],"line":238},"23":{"loc":{"start":{"line":250,"column":4},"end":{"line":252,"column":5}},"type":"if","locations":[{"start":{"line":250,"column":4},"end":{"line":252,"column":5}},{"start":{"line":250,"column":4},"end":{"line":252,"column":5}}],"line":250},"24":{"loc":{"start":{"line":254,"column":2},"end":{"line":257,"column":23}},"type":"if","locations":[{"start":{"line":254,"column":2},"end":{"line":257,"column":23}},{"start":{"line":254,"column":2},"end":{"line":257,"column":23}}],"line":254},"25":{"loc":{"start":{"line":314,"column":6},"end":{"line":318,"column":7}},"type":"if","locations":[{"start":{"line":314,"column":6},"end":{"line":318,"column":7}},{"start":{"line":314,"column":6},"end":{"line":318,"column":7}}],"line":314},"26":{"loc":{"start":{"line":315,"column":8},"end":{"line":317,"column":9}},"type":"if","locations":[{"start":{"line":315,"column":8},"end":{"line":317,"column":9}},{"start":{"line":315,"column":8},"end":{"line":317,"column":9}}],"line":315},"27":{"loc":{"start":{"line":329,"column":8},"end":{"line":333,"column":9}},"type":"if","locations":[{"start":{"line":329,"column":8},"end":{"line":333,"column":9}},{"start":{"line":329,"column":8},"end":{"line":333,"column":9}}],"line":329},"28":{"loc":{"start":{"line":330,"column":10},"end":{"line":332,"column":11}},"type":"if","locations":[{"start":{"line":330,"column":10},"end":{"line":332,"column":11}},{"start":{"line":330,"column":10},"end":{"line":332,"column":11}}],"line":330},"29":{"loc":{"start":{"line":345,"column":8},"end":{"line":352,"column":9}},"type":"if","locations":[{"start":{"line":345,"column":8},"end":{"line":352,"column":9}},{"start":{"line":345,"column":8},"end":{"line":352,"column":9}}],"line":345},"30":{"loc":{"start":{"line":346,"column":10},"end":{"line":351,"column":11}},"type":"if","locations":[{"start":{"line":346,"column":10},"end":{"line":351,"column":11}},{"start":{"line":346,"column":10},"end":{"line":351,"column":11}}],"line":346},"31":{"loc":{"start":{"line":348,"column":12},"end":{"line":350,"column":13}},"type":"if","locations":[{"start":{"line":348,"column":12},"end":{"line":350,"column":13}},{"start":{"line":348,"column":12},"end":{"line":350,"column":13}}],"line":348},"32":{"loc":{"start":{"line":366,"column":4},"end":{"line":378,"column":5}},"type":"if","locations":[{"start":{"line":366,"column":4},"end":{"line":378,"column":5}},{"start":{"line":366,"column":4},"end":{"line":378,"column":5}}],"line":366},"33":{"loc":{"start":{"line":368,"column":6},"end":{"line":374,"column":7}},"type":"if","locations":[{"start":{"line":368,"column":6},"end":{"line":374,"column":7}},{"start":{"line":368,"column":6},"end":{"line":374,"column":7}}],"line":368},"34":{"loc":{"start":{"line":387,"column":8},"end":{"line":392,"column":9}},"type":"if","locations":[{"start":{"line":387,"column":8},"end":{"line":392,"column":9}},{"start":{"line":387,"column":8},"end":{"line":392,"column":9}}],"line":387},"35":{"loc":{"start":{"line":388,"column":10},"end":{"line":391,"column":11}},"type":"if","locations":[{"start":{"line":388,"column":10},"end":{"line":391,"column":11}},{"start":{"line":388,"column":10},"end":{"line":391,"column":11}}],"line":388},"36":{"loc":{"start":{"line":401,"column":6},"end":{"line":405,"column":7}},"type":"if","locations":[{"start":{"line":401,"column":6},"end":{"line":405,"column":7}},{"start":{"line":401,"column":6},"end":{"line":405,"column":7}}],"line":401},"37":{"loc":{"start":{"line":403,"column":13},"end":{"line":405,"column":7}},"type":"if","locations":[{"start":{"line":403,"column":13},"end":{"line":405,"column":7}},{"start":{"line":403,"column":13},"end":{"line":405,"column":7}}],"line":403},"38":{"loc":{"start":{"line":438,"column":6},"end":{"line":440,"column":7}},"type":"if","locations":[{"start":{"line":438,"column":6},"end":{"line":440,"column":7}},{"start":{"line":438,"column":6},"end":{"line":440,"column":7}}],"line":438}},"s":{"0":1,"1":45,"2":1,"3":45,"4":39,"5":45,"6":5,"7":45,"8":30,"9":45,"10":16,"11":16,"12":16,"13":60,"14":32,"15":16,"16":4,"17":45,"18":16,"19":16,"20":16,"21":45,"22":1,"23":24,"24":24,"25":24,"26":24,"27":2400,"28":2400,"29":24,"30":24,"31":24,"32":24,"33":45,"34":45,"35":45,"36":45,"37":45,"38":45,"39":149,"40":149,"41":149,"42":24,"43":18,"44":6,"45":6,"46":18,"47":18,"48":30,"49":30,"50":30,"51":30,"52":6,"53":30,"54":30,"55":30,"56":16,"57":16,"58":12,"59":4,"60":4,"61":4,"62":0,"63":14,"64":14,"65":14,"66":0,"67":0,"68":0,"69":0,"70":18,"71":18,"72":18,"73":18,"74":90,"75":90,"76":90,"77":18,"78":18,"79":18,"80":72,"81":72,"82":72,"83":18,"84":18,"85":0,"86":18,"87":16,"88":16,"89":16,"90":16,"91":16,"92":160,"93":160,"94":160,"95":16,"96":16,"97":160,"98":160,"99":160,"100":16,"101":16,"102":1,"103":15,"104":15,"105":3,"106":12,"107":15,"108":15,"109":46,"110":46,"111":7,"112":7,"113":3,"114":12,"115":34,"116":516,"117":34,"118":456,"119":34,"120":928,"121":34,"122":34,"123":34,"124":34,"125":429,"126":405,"127":24,"128":34,"129":1,"130":33,"131":33,"132":429,"133":429,"134":19020,"135":429,"136":405,"137":24,"138":12,"139":12,"140":30,"141":30,"142":12,"143":165,"144":165,"145":7092,"146":7092,"147":165,"148":0,"149":24,"150":14,"151":14,"152":14,"153":14,"154":12,"155":12,"156":12,"157":14,"158":14,"159":24,"160":14,"161":14,"162":14,"163":37,"164":14,"165":14,"166":3,"167":3,"168":11,"169":24,"170":0,"171":24,"172":5,"173":24,"174":8,"175":24,"176":1,"177":24,"178":1,"179":12,"180":12,"181":12,"182":12,"183":12,"184":1,"185":1,"186":0,"187":0,"188":0,"189":0,"190":0,"191":0,"192":0,"193":0,"194":0,"195":0,"196":0,"197":0,"198":0,"199":0,"200":0,"201":0,"202":0,"203":0,"204":0,"205":0,"206":0,"207":0,"208":0,"209":1,"210":1,"211":1,"212":0,"213":0,"214":0,"215":0,"216":0,"217":0,"218":0,"219":0,"220":0,"221":1,"222":1,"223":1,"224":1,"225":1,"226":1,"227":1,"228":0,"229":0,"230":0,"231":0,"232":0,"233":0,"234":0,"235":2,"236":2,"237":2,"238":466,"239":466,"240":466,"241":46426,"242":466,"243":2,"244":2,"245":4,"246":4,"247":4,"248":400,"249":400,"250":396,"251":4,"252":4,"253":12,"254":10,"255":12,"256":6,"257":12,"258":1,"259":6,"260":6,"261":12,"262":12,"263":12,"264":6,"265":6,"266":8,"267":8,"268":10,"269":8,"270":6},"f":{"0":45,"1":1,"2":39,"3":5,"4":30,"5":16,"6":16,"7":24,"8":24,"9":45,"10":45,"11":24,"12":30,"13":18,"14":16,"15":15,"16":34,"17":516,"18":456,"19":928,"20":429,"21":12,"22":165,"23":14,"24":14,"25":0,"26":5,"27":8,"28":1,"29":12,"30":12,"31":1,"32":0,"33":0,"34":0,"35":1,"36":1,"37":2,"38":4,"39":10,"40":6,"41":6,"42":12,"43":8},"b":{"0":[45],"1":[32,28],"2":[4,12],"3":[24],"4":[18,6],"5":[30,0],"6":[16,14],"7":[12,4],"8":[4,0],"9":[14,0],"10":[0,0],"11":[0,18],"12":[1,15],"13":[3,12],"14":[7,39],"15":[3,4],"16":[405,24],"17":[1,33],"18":[429,18591],"19":[405,24],"20":[12,18],"21":[165,6927],"22":[12,2],"23":[14,23],"24":[3,11],"25":[0,0],"26":[0,0],"27":[0,0],"28":[0,0],"29":[0,0],"30":[0,0],"31":[0,0],"32":[1,0],"33":[0,1],"34":[466,45960],"35":[2,464],"36":[396,4],"37":[4,0],"38":[8,2]},"_coverageSchema":"1a1c01bbd47fc00a2c39e90264f33305004495a9","hash":"40f33fff9e4dfb5365fdea60f19fd51c40a2e364"}
}
