TN:
SF:src/ships.js
FN:3,(anonymous_0)
FN:10,(anonymous_1)
FN:11,(anonymous_2)
FN:12,(anonymous_3)
FN:13,(anonymous_4)
FN:15,(anonymous_5)
FN:27,(anonymous_6)
FN:43,(anonymous_7)
FN:49,(anonymous_8)
FN:63,createShip
FN:70,placeShip
FN:79,createFleet
FN:94,findAvailableCoords
FN:120,tryUpDown
FN:142,tryLeftRight
FN:169,testForNewLine
FN:182,validateResults
FN:183,(anonymous_17)
FN:184,(anonymous_18)
FN:185,(anonymous_19)
FN:204,isSquareOpen
FN:215,findShip
FN:224,findSquare
FN:234,(anonymous_23)
FN:247,(anonymous_24)
FN:260,(anonymous_25)
FN:261,(anonymous_26)
FN:262,(anonymous_27)
FN:263,(anonymous_28)
FN:280,(anonymous_29)
FN:286,(anonymous_30)
FN:294,humanShootsComputer
FN:301,getOptionsArray
FN:311,removeNegatives
FN:324,removeStruckSquares
FN:339,cleanPossibleShips
FN:362,computerShootsHuman
FN:381,findLegalMove
FN:397,testHitAllSquares
FN:409,(anonymous_39)
FN:410,(anonymous_40)
FN:423,(anonymous_41)
FN:428,(anonymous_42)
FN:436,getPlayer
FNF:44
FNH:40
FNDA:45,(anonymous_0)
FNDA:1,(anonymous_1)
FNDA:39,(anonymous_2)
FNDA:5,(anonymous_3)
FNDA:30,(anonymous_4)
FNDA:16,(anonymous_5)
FNDA:16,(anonymous_6)
FNDA:24,(anonymous_7)
FNDA:24,(anonymous_8)
FNDA:45,createShip
FNDA:45,placeShip
FNDA:24,createFleet
FNDA:30,findAvailableCoords
FNDA:18,tryUpDown
FNDA:16,tryLeftRight
FNDA:15,testForNewLine
FNDA:34,validateResults
FNDA:516,(anonymous_17)
FNDA:456,(anonymous_18)
FNDA:928,(anonymous_19)
FNDA:429,isSquareOpen
FNDA:12,findShip
FNDA:165,findSquare
FNDA:14,(anonymous_23)
FNDA:14,(anonymous_24)
FNDA:0,(anonymous_25)
FNDA:5,(anonymous_26)
FNDA:8,(anonymous_27)
FNDA:1,(anonymous_28)
FNDA:12,(anonymous_29)
FNDA:12,(anonymous_30)
FNDA:1,humanShootsComputer
FNDA:0,getOptionsArray
FNDA:0,removeNegatives
FNDA:0,removeStruckSquares
FNDA:1,cleanPossibleShips
FNDA:1,computerShootsHuman
FNDA:2,findLegalMove
FNDA:4,testHitAllSquares
FNDA:10,(anonymous_39)
FNDA:6,(anonymous_40)
FNDA:6,(anonymous_41)
FNDA:12,(anonymous_42)
FNDA:8,getPlayer
DA:3,1
DA:10,45
DA:11,45
DA:12,45
DA:13,45
DA:15,45
DA:16,16
DA:17,16
DA:18,60
DA:19,32
DA:22,16
DA:23,4
DA:27,45
DA:28,16
DA:29,16
DA:30,16
DA:33,45
DA:43,1
DA:49,24
DA:50,24
DA:51,24
DA:52,2400
DA:53,2400
DA:55,24
DA:58,24
DA:59,24
DA:60,24
DA:64,45
DA:65,45
DA:66,45
DA:67,45
DA:71,45
DA:72,149
DA:73,149
DA:74,149
DA:80,24
DA:81,6
DA:82,6
DA:83,18
DA:84,30
DA:85,30
DA:86,30
DA:87,30
DA:91,6
DA:95,30
DA:96,30
DA:97,30
DA:98,16
DA:99,16
DA:100,12
DA:102,4
DA:103,4
DA:104,4
DA:105,0
DA:108,14
DA:109,14
DA:110,14
DA:112,0
DA:113,0
DA:114,0
DA:115,0
DA:121,18
DA:122,18
DA:123,18
DA:124,90
DA:125,90
DA:126,90
DA:128,18
DA:129,18
DA:130,72
DA:131,72
DA:132,72
DA:134,18
DA:135,18
DA:136,0
DA:138,18
DA:143,16
DA:144,16
DA:145,16
DA:146,16
DA:147,160
DA:148,160
DA:149,160
DA:151,16
DA:152,160
DA:153,160
DA:154,160
DA:156,16
DA:157,16
DA:158,1
DA:160,15
DA:161,15
DA:162,3
DA:164,12
DA:170,15
DA:171,46
DA:172,46
DA:173,7
DA:174,7
DA:175,3
DA:179,12
DA:183,516
DA:184,456
DA:185,928
DA:186,34
DA:187,34
DA:188,34
DA:189,429
DA:190,405
DA:192,24
DA:196,34
DA:197,1
DA:200,33
DA:201,33
DA:205,429
DA:206,19020
DA:207,429
DA:208,405
DA:209,24
DA:216,12
DA:217,30
DA:218,30
DA:219,12
DA:225,165
DA:226,7092
DA:227,7092
DA:228,165
DA:231,0
DA:234,24
DA:235,14
DA:236,14
DA:237,14
DA:238,14
DA:239,12
DA:240,12
DA:241,12
DA:243,14
DA:244,14
DA:247,24
DA:248,14
DA:249,14
DA:250,37
DA:251,14
DA:254,14
DA:255,3
DA:256,3
DA:257,11
DA:260,24
DA:261,24
DA:262,24
DA:263,24
DA:266,24
DA:280,1
DA:284,12
DA:286,12
DA:287,12
DA:288,12
DA:290,12
DA:295,1
DA:296,1
DA:302,0
DA:303,0
DA:304,0
DA:305,0
DA:306,0
DA:307,0
DA:312,0
DA:313,0
DA:314,0
DA:315,0
DA:316,0
DA:320,0
DA:325,0
DA:326,0
DA:327,0
DA:328,0
DA:329,0
DA:330,0
DA:331,0
DA:336,0
DA:340,1
DA:341,1
DA:342,0
DA:343,0
DA:344,0
DA:345,0
DA:346,0
DA:347,0
DA:348,0
DA:349,0
DA:355,1
DA:363,1
DA:364,1
DA:365,1
DA:366,1
DA:367,1
DA:368,1
DA:369,0
DA:370,0
DA:371,0
DA:372,0
DA:373,0
DA:376,0
DA:377,0
DA:382,2
DA:383,2
DA:384,2
DA:385,466
DA:386,466
DA:387,46426
DA:388,466
DA:389,2
DA:390,2
DA:398,4
DA:399,4
DA:400,400
DA:401,400
DA:402,396
DA:403,4
DA:404,4
DA:409,12
DA:410,12
DA:413,12
DA:423,1
DA:427,6
DA:428,6
DA:429,12
DA:430,12
DA:431,12
DA:433,6
DA:434,6
DA:437,8
DA:438,10
DA:439,8
DA:444,6
LF:235
LH:193
BRDA:7,0,0,45
BRDA:18,1,0,32
BRDA:18,1,1,28
BRDA:22,2,0,4
BRDA:22,2,1,12
BRDA:45,3,0,24
BRDA:80,4,0,18
BRDA:80,4,1,6
BRDA:85,5,0,30
BRDA:85,5,1,0
BRDA:97,6,0,16
BRDA:97,6,1,14
BRDA:99,7,0,12
BRDA:99,7,1,4
BRDA:103,8,0,4
BRDA:103,8,1,0
BRDA:109,9,0,14
BRDA:109,9,1,0
BRDA:113,10,0,0
BRDA:113,10,1,0
BRDA:135,11,0,0
BRDA:135,11,1,18
BRDA:157,12,0,1
BRDA:157,12,1,15
BRDA:161,13,0,3
BRDA:161,13,1,12
BRDA:172,14,0,7
BRDA:172,14,1,39
BRDA:174,15,0,3
BRDA:174,15,1,4
BRDA:189,16,0,405
BRDA:189,16,1,24
BRDA:196,17,0,1
BRDA:196,17,1,33
BRDA:206,18,0,429
BRDA:206,18,1,18591
BRDA:207,19,0,405
BRDA:207,19,1,24
BRDA:218,20,0,12
BRDA:218,20,1,18
BRDA:227,21,0,165
BRDA:227,21,1,6927
BRDA:238,22,0,12
BRDA:238,22,1,2
BRDA:250,23,0,14
BRDA:250,23,1,23
BRDA:254,24,0,3
BRDA:254,24,1,11
BRDA:314,25,0,0
BRDA:314,25,1,0
BRDA:315,26,0,0
BRDA:315,26,1,0
BRDA:329,27,0,0
BRDA:329,27,1,0
BRDA:330,28,0,0
BRDA:330,28,1,0
BRDA:345,29,0,0
BRDA:345,29,1,0
BRDA:346,30,0,0
BRDA:346,30,1,0
BRDA:348,31,0,0
BRDA:348,31,1,0
BRDA:366,32,0,1
BRDA:366,32,1,0
BRDA:368,33,0,0
BRDA:368,33,1,1
BRDA:387,34,0,466
BRDA:387,34,1,45960
BRDA:388,35,0,2
BRDA:388,35,1,464
BRDA:401,36,0,396
BRDA:401,36,1,4
BRDA:403,37,0,4
BRDA:403,37,1,0
BRDA:438,38,0,8
BRDA:438,38,1,2
BRF:76
BRH:53
end_of_record
